Determining if the pthread_create exist failed with the following output:
Change Dir: /home/peter/ble_ws/build/CMakeFiles/CMakeTmp

Run Build Command:"/usr/bin/make" "cmTC_1c60e/fast"
/usr/bin/make -f CMakeFiles/cmTC_1c60e.dir/build.make CMakeFiles/cmTC_1c60e.dir/build
make[1]: 进入目录“/home/peter/ble_ws/build/CMakeFiles/CMakeTmp”
Building C object CMakeFiles/cmTC_1c60e.dir/CheckSymbolExists.c.o
/usr/bin/cc    -o CMakeFiles/cmTC_1c60e.dir/CheckSymbolExists.c.o   -c /home/peter/ble_ws/build/CMakeFiles/CMakeTmp/CheckSymbolExists.c
Linking C executable cmTC_1c60e
/usr/bin/cmake -E cmake_link_script CMakeFiles/cmTC_1c60e.dir/link.txt --verbose=1
/usr/bin/cc      -rdynamic CMakeFiles/cmTC_1c60e.dir/CheckSymbolExists.c.o  -o cmTC_1c60e 
/usr/bin/ld: CMakeFiles/cmTC_1c60e.dir/CheckSymbolExists.c.o: in function `main':
CheckSymbolExists.c:(.text+0x1b): undefined reference to `pthread_create'
collect2: 错误：ld 返回 1
make[1]: *** [CMakeFiles/cmTC_1c60e.dir/build.make:87：cmTC_1c60e] 错误 1
make[1]: 离开目录“/home/peter/ble_ws/build/CMakeFiles/CMakeTmp”
make: *** [Makefile:121：cmTC_1c60e/fast] 错误 2

File /home/peter/ble_ws/build/CMakeFiles/CMakeTmp/CheckSymbolExists.c:
/* */
#include <pthread.h>

int main(int argc, char** argv)
{
  (void)argv;
#ifndef pthread_create
  return ((int*)(&pthread_create))[argc];
#else
  (void)argc;
  return 0;
#endif
}

Determining if the function pthread_create exists in the pthreads failed with the following output:
Change Dir: /home/peter/ble_ws/build/CMakeFiles/CMakeTmp

Run Build Command:"/usr/bin/make" "cmTC_424e4/fast"
/usr/bin/make -f CMakeFiles/cmTC_424e4.dir/build.make CMakeFiles/cmTC_424e4.dir/build
make[1]: 进入目录“/home/peter/ble_ws/build/CMakeFiles/CMakeTmp”
Building C object CMakeFiles/cmTC_424e4.dir/CheckFunctionExists.c.o
/usr/bin/cc   -DCHECK_FUNCTION_EXISTS=pthread_create   -o CMakeFiles/cmTC_424e4.dir/CheckFunctionExists.c.o   -c /usr/share/cmake-3.12/Modules/CheckFunctionExists.c
Linking C executable cmTC_424e4
/usr/bin/cmake -E cmake_link_script CMakeFiles/cmTC_424e4.dir/link.txt --verbose=1
/usr/bin/cc  -DCHECK_FUNCTION_EXISTS=pthread_create    -rdynamic CMakeFiles/cmTC_424e4.dir/CheckFunctionExists.c.o  -o cmTC_424e4 -lpthreads 
/usr/bin/ld: 找不到 -lpthreads
collect2: 错误：ld 返回 1
make[1]: *** [CMakeFiles/cmTC_424e4.dir/build.make:87：cmTC_424e4] 错误 1
make[1]: 离开目录“/home/peter/ble_ws/build/CMakeFiles/CMakeTmp”
make: *** [Makefile:121：cmTC_424e4/fast] 错误 2


